2026-02-18 12:06:04,470 - INFO - Creating Vendor Summary Table...
2026-02-18 12:06:21,221 - INFO -    VendorNumber                   VendorName  Brand              Description  \
0          1128  BROWN-FORMAN CORP             1233  Jack Daniels No 7 Black   
1          4425        MARTIGNETTI COMPANIES   3405    Tito's Handmade Vodka   
2         17035  PERNOD RICARD USA             8068         Absolut 80 Proof   
3          3960  DIAGEO NORTH AMERICA INC      4261   Capt Morgan Spiced Rum   
4          3960  DIAGEO NORTH AMERICA INC      3545          Ketel One Vodka   

   PurchasePrice Volume  ActualPrice  TotalPurchaseQuantity  \
0          26.27   1750        36.99                 145080   
1          23.19   1750        28.99                 164038   
2          18.24   1750        24.99                 187407   
3          16.17   1750        22.99                 201682   
4          21.89   1750        29.99                 138109   

   TotalPurchaseDollars  TotalSalesDollars  TotalSalesQuantity  \
0            3811251.60         5101919.51            142049.0   
1            3804041.22         4819073.49            160247.0   
2            3418303.68         4538120.60            187140.0   
3            3261197.94         4475972.88            200412.0   
4            3023206.01         4223107.62            135838.0   

   TotalSalesPrice  TotalExciseTax  FreightCost  
0        672819.31       260999.20     68601.68  
1        561512.37       294438.66    144929.24  
2        461140.15       343854.07    123780.22  
3        420050.01       368242.80    257032.07  
4        545778.28       249587.83    257032.07  
2026-02-18 12:06:21,225 - INFO - Cleaning data...
2026-02-18 12:06:21,229 - INFO -    VendorNumber                VendorName  Brand              Description  \
0          1128         BROWN-FORMAN CORP   1233  Jack Daniels No 7 Black   
1          4425     MARTIGNETTI COMPANIES   3405    Tito's Handmade Vodka   
2         17035         PERNOD RICARD USA   8068         Absolut 80 Proof   
3          3960  DIAGEO NORTH AMERICA INC   4261   Capt Morgan Spiced Rum   
4          3960  DIAGEO NORTH AMERICA INC   3545          Ketel One Vodka   

   PurchasePrice  Volume  ActualPrice  TotalPurchaseQuantity  \
0          26.27  1750.0        36.99                 145080   
1          23.19  1750.0        28.99                 164038   
2          18.24  1750.0        24.99                 187407   
3          16.17  1750.0        22.99                 201682   
4          21.89  1750.0        29.99                 138109   

   TotalPurchaseDollars  TotalSalesDollars  TotalSalesQuantity  \
0            3811251.60         5101919.51            142049.0   
1            3804041.22         4819073.49            160247.0   
2            3418303.68         4538120.60            187140.0   
3            3261197.94         4475972.88            200412.0   
4            3023206.01         4223107.62            135838.0   

   TotalSalesPrice  TotalExciseTax  FreightCost  GrossProfit  ProfitMargin  \
0        672819.31       260999.20     68601.68   1290667.91     25.297693   
1        561512.37       294438.66    144929.24   1015032.27     21.062810   
2        461140.15       343854.07    123780.22   1119816.92     24.675786   
3        420050.01       368242.80    257032.07   1214774.94     27.139908   
4        545778.28       249587.83    257032.07   1199901.61     28.412764   

   StockTurnover  SalesToPurchaseRatio  
0       0.979108              1.338647  
1       0.976890              1.266830  
2       0.998575              1.327594  
3       0.993703              1.372493  
4       0.983556              1.396897  
2026-02-18 12:06:21,232 - INFO - Ingesting data to db...
2026-02-18 12:06:21,277 - INFO - Completed
